<?xml version="1.0" encoding="UTF-8"?>
<!-- Generated by org.testng.reporters.JUnitReportReporter -->
<testsuite hostname="DESKTOP-3FO53C9" failures="0" tests="1" name="com.CalculatorInc.Framework.LoginPageTest" time="14.316" errors="0" timestamp="21 Dec 2022 15:41:56 GMT" skipped="0">
  <testcase classname="com.CalculatorInc.Framework.LoginPageTest" name="loginTest" time="14.316"/>
</testsuite> <!-- com.CalculatorInc.Framework.LoginPageTest -->
